#
# A fatal error has been detected by the Java Runtime Environment:
#
#  Internal Error (synchronizer.cpp:1430), pid=12184, tid=11524
#  guarantee(mid->header()->is_neutral()) failed: invariant
#
# JRE version: Java(TM) SE Runtime Environment (8.0_31-b13) (build 1.8.0_31-b13)
# Java VM: Java HotSpot(TM) Client VM (25.31-b07 mixed mode windows-x86 )
# Failed to write core dump. Minidumps are not enabled by default on client versions of Windows
#
# If you would like to submit a bug report, please visit:
#   http://bugreport.java.com/bugreport/crash.jsp
#

---------------  T H R E A D  ---------------

Current thread (0x024b9400):  VMThread [stack: 0x045b0000,0x04600000] [id=11524]

Stack: [0x045b0000,0x04600000],  sp=0x045ff2d8,  free space=316k
Native frames: (J=compiled Java code, j=interpreted, Vv=VM code, C=native code)
V  [jvm.dll+0x197b8b]
V  [jvm.dll+0x1909a5]
V  [jvm.dll+0x162f7f]
V  [jvm.dll+0x163333]
V  [jvm.dll+0x1567b3]
V  [jvm.dll+0x157b30]
V  [jvm.dll+0x16ed05]
V  [jvm.dll+0x16ef12]
V  [jvm.dll+0x1af0a6]
C  [msvcr100.dll+0x5c556]
C  [msvcr100.dll+0x5c600]
C  [KERNEL32.DLL+0x18744]
C  [ntdll.dll+0x6582d]
C  [ntdll.dll+0x657fd]

VM_Operation (0x14fbf32c): ChangeSingleStep, mode: safepoint, requested by thread 0x14bb0800


---------------  P R O C E S S  ---------------

Java Threads: ( => current thread )
  0x14bd7c00 JavaThread "Service Thread" daemon [_thread_blocked, id=8116, stack(0x15530000,0x15580000)]
  0x14bc4400 JavaThread "C1 CompilerThread0" daemon [_thread_blocked, id=3152, stack(0x154a0000,0x154f0000)]
  0x14bbb800 JavaThread "JDWP Command Reader" daemon [_thread_in_native, id=11336, stack(0x15410000,0x15460000)]
  0x14bb3000 JavaThread "JDWP Event Helper Thread" daemon [_thread_blocked, id=12164, stack(0x15380000,0x153d0000)]
  0x14bb0800 JavaThread "JDWP Transport Listener: dt_socket" daemon [_thread_blocked, id=7568, stack(0x14f70000,0x14fc0000)]
  0x14ba2400 JavaThread "Attach Listener" daemon [_thread_blocked, id=11016, stack(0x14ee0000,0x14f30000)]
  0x14bad400 JavaThread "Signal Dispatcher" daemon [_thread_blocked, id=8084, stack(0x14e50000,0x14ea0000)]
  0x14b83c00 JavaThread "Finalizer" daemon [_thread_blocked, id=11056, stack(0x14dc0000,0x14e10000)]
  0x024bd800 JavaThread "Reference Handler" daemon [_thread_blocked, id=8500, stack(0x14b30000,0x14b80000)]
  0x0252c000 JavaThread "main" [_thread_blocked, id=4824, stack(0x00b10000,0x00b60000)]

Other Threads:
=>0x024b9400 VMThread [stack: 0x045b0000,0x04600000] [id=11524]
  0x14be9c00 WatcherThread [stack: 0x155c0000,0x15610000] [id=5736]

VM state:at safepoint (normal execution)

VM Mutex/Monitor currently owned by a thread:  ([mutex/lock_event])
[0x0252a638] Safepoint_lock - owner thread: 0x024b9400
[0x0252a708] Threads_lock - owner thread: 0x024b9400
[0x0252b870] JvmtiThreadState_lock - owner thread: 0x14bb0800

Heap:
 def new generation   total 4928K, used 915K [0x04600000, 0x04b50000, 0x09b50000)
  eden space 4416K,  20% used [0x04600000, 0x046e4fd8, 0x04a50000)
  from space 512K,   0% used [0x04a50000, 0x04a50000, 0x04ad0000)
  to   space 512K,   0% used [0x04ad0000, 0x04ad0000, 0x04b50000)
 tenured generation   total 10944K, used 0K [0x09b50000, 0x0a600000, 0x14600000)
   the space 10944K,   0% used [0x09b50000, 0x09b50000, 0x09b50200, 0x0a600000)
 Metaspace       used 2021K, capacity 2248K, committed 2368K, reserved 4480K

Card table byte_map: [0x14600000,0x14690000] byte_map_base: 0x145dd000

Polling page: 0x00b60000

CodeCache: size=32768Kb used=687Kb max_used=687Kb free=32080Kb
 bounds [0x02530000, 0x025e0000, 0x04530000]
 total_blobs=154 nmethods=21 adapters=74
 compilation: enabled

Compilation events (10 events):
Event: 0.234 Thread 0x14bc4400   17  s          java.io.BufferedInputStream::read (49 bytes)
Event: 0.234 Thread 0x14bc4400 nmethod 17 0x025da1c8 code [0x025da2f0, 0x025da5e8]
Event: 0.235 Thread 0x14bc4400   18             java.util.StringTokenizer::scanToken (179 bytes)
Event: 0.235 Thread 0x14bc4400 nmethod 18 0x025da788 code [0x025da910, 0x025dad28]
Event: 0.237 Thread 0x14bc4400   19             java.lang.AbstractStringBuilder::ensureCapacityInternal (16 bytes)
Event: 0.237 Thread 0x14bc4400 nmethod 19 0x025db2c8 code [0x025db3d0, 0x025db48c]
Event: 0.238 Thread 0x14bc4400   20             java.lang.String::startsWith (72 bytes)
Event: 0.239 Thread 0x14bc4400 nmethod 20 0x025db508 code [0x025db610, 0x025db750]
Event: 10.901 Thread 0x14bc4400   21             java.lang.String::length (6 bytes)
Event: 10.901 Thread 0x14bc4400 nmethod 21 0x025dbc08 code [0x025dbd00, 0x025dbd90]

GC Heap History (0 events):
No events

Deoptimization events (0 events):
No events

Internal exceptions (10 events):
Event: 0.047 Thread 0x0252c000 Exception <a 'java/lang/NoSuchMethodError': Method sun.misc.Unsafe.prefetchRead(Ljava/lang/Object;J)V name or signature does not match> (0x0460a940) thrown at [C:\re\workspace\8-2-build-windows-i586-cygwin\jdk8u31\2394\hotspot\src\share\vm\prims\jni.cpp, lS\JI8¤Ë?
Event: 0.216 Thread 0x0252c000 Exception <a 'java/security/PrivilegedActionException'> (0x0467ccc8) thrown at [C:\re\workspace\8-2-build-windows-i586-cygwin\jdk8u31\2394\hotspot\src\share\vm\prims\jvm.cpp, line 1312]
Event: 0.230 Thread 0x0252c000 Exception <a 'java/security/PrivilegedActionException'> (0x046a19d0) thrown at [C:\re\workspace\8-2-build-windows-i586-cygwin\jdk8u31\2394\hotspot\src\share\vm\prims\jvm.cpp, line 1312]
Event: 0.230 Thread 0x0252c000 Exception <a 'java/security/PrivilegedActionException'> (0x046a1d10) thrown at [C:\re\workspace\8-2-build-windows-i586-cygwin\jdk8u31\2394\hotspot\src\share\vm\prims\jvm.cpp, line 1312]
Event: 0.231 Thread 0x0252c000 Exception <a 'java/security/PrivilegedActionException'> (0x046b9d98) thrown at [C:\re\workspace\8-2-build-windows-i586-cygwin\jdk8u31\2394\hotspot\src\share\vm\prims\jvm.cpp, line 1312]
Event: 0.231 Thread 0x0252c000 Exception <a 'java/security/PrivilegedActionException'> (0x046ba0d8) thrown at [C:\re\workspace\8-2-build-windows-i586-cygwin\jdk8u31\2394\hotspot\src\share\vm\prims\jvm.cpp, line 1312]
Event: 0.237 Thread 0x0252c000 Exception <a 'java/security/PrivilegedActionException'> (0x046ccfc8) thrown at [C:\re\workspace\8-2-build-windows-i586-cygwin\jdk8u31\2394\hotspot\src\share\vm\prims\jvm.cpp, line 1312]
Event: 0.238 Thread 0x0252c000 Exception <a 'java/security/PrivilegedActionException'> (0x046cde68) thrown at [C:\re\workspace\8-2-build-windows-i586-cygwin\jdk8u31\2394\hotspot\src\share\vm\prims\jvm.cpp, line 1312]
Event: 0.240 Thread 0x0252c000 Exception <a 'java/security/PrivilegedActionException'> (0x046d0aa0) thrown at [C:\re\workspace\8-2-build-windows-i586-cygwin\jdk8u31\2394\hotspot\src\share\vm\prims\jvm.cpp, line 1312]
Event: 10.902 Thread 0x0252c000 Exception <a 'java/lang/ArrayIndexOutOfBoundsException': 5> (0x046d3138) thrown at [C:\re\workspace\8-2-build-windows-i586-cygwin\jdk8u31\2394\hotspot\src\share\vm\interpreter\interpreterRuntime.cpp, line 366]

Events (10 events):
Event: 10.902 loading class java/lang/IndexOutOfBoundsException
Event: 10.902 loading class java/lang/IndexOutOfBoundsException done
Event: 10.902 loading class java/lang/ArrayIndexOutOfBoundsException done
Event: 76.363 Executing VM operation: GetCurrentLocation
Event: 76.363 Executing VM operation: GetCurrentLocation done
Event: 76.363 Executing VM operation: EnterInterpOnlyMode
Event: 76.363 Executing VM operation: EnterInterpOnlyMode done
Event: 76.363 Executing VM operation: ChangeSingleStep
Event: 76.363 Executing VM operation: ChangeSingleStep done
Event: 76.363 Executing VM operation: ChangeSingleStep


Dynamic libraries:
0x002b0000 - 0x002e0000 	N:\ECLIPSE\jre\bin\javaw.exe
0x77d60000 - 0x77eee000 	C:\Windows\SYSTEM32\ntdll.dll
0x74850000 - 0x74920000 	C:\Windows\System32\KERNEL32.DLL
0x76860000 - 0x76a22000 	C:\Windows\System32\KERNELBASE.dll
0x74940000 - 0x749b7000 	C:\Windows\System32\ADVAPI32.dll
0x760b0000 - 0x7616d000 	C:\Windows\System32\msvcrt.dll
0x765a0000 - 0x765e1000 	C:\Windows\System32\sechost.dll
0x77200000 - 0x772c0000 	C:\Windows\System32\RPCRT4.dll
0x74730000 - 0x74750000 	C:\Windows\System32\SspiCli.dll
0x74840000 - 0x7484a000 	C:\Windows\System32\CRYPTBASE.dll
0x772c0000 - 0x77317000 	C:\Windows\System32\bcryptPrimitives.dll
0x774b0000 - 0x775ec000 	C:\Windows\System32\USER32.dll
0x76560000 - 0x76576000 	C:\Windows\System32\win32u.dll
0x773e0000 - 0x77401000 	C:\Windows\System32\GDI32.dll
0x76660000 - 0x767b8000 	C:\Windows\System32\gdi32full.dll
0x776f0000 - 0x77769000 	C:\Windows\System32\msvcp_win.dll
0x76170000 - 0x76288000 	C:\Windows\System32\ucrtbase.dll
0x6fb00000 - 0x6fd0e000 	C:\Windows\WinSxS\x86_microsoft.windows.common-controls_6595b64144ccf1df_6.0.15063.483_none_6dad63fefc436da8\COMCTL32.dll
0x76320000 - 0x76558000 	C:\Windows\System32\combase.dll
0x77320000 - 0x77345000 	C:\Windows\System32\IMM32.DLL
0x620e0000 - 0x6219f000 	N:\ECLIPSE\jre\bin\msvcr100.dll
0x639c0000 - 0x63d64000 	N:\ECLIPSE\jre\bin\client\jvm.dll
0x76590000 - 0x76596000 	C:\Windows\System32\PSAPI.DLL
0x70f30000 - 0x70f38000 	C:\Windows\SYSTEM32\WSOCK32.dll
0x6c580000 - 0x6c5a4000 	C:\Windows\SYSTEM32\WINMM.dll
0x765f0000 - 0x76657000 	C:\Windows\System32\WS2_32.dll
0x6c550000 - 0x6c573000 	C:\Windows\SYSTEM32\WINMMBASE.dll
0x77410000 - 0x77449000 	C:\Windows\System32\cfgmgr32.dll
0x729c0000 - 0x729cc000 	N:\ECLIPSE\jre\bin\verify.dll
0x70930000 - 0x70951000 	N:\ECLIPSE\jre\bin\java.dll
0x6e830000 - 0x6e859000 	N:\ECLIPSE\jre\bin\jdwp.dll
0x6ec20000 - 0x6ec27000 	N:\ECLIPSE\jre\bin\npt.dll
0x71a60000 - 0x71a73000 	N:\ECLIPSE\jre\bin\zip.dll
0x74d60000 - 0x760a8000 	C:\Windows\System32\SHELL32.dll
0x76290000 - 0x7631c000 	C:\Windows\System32\shcore.dll
0x77780000 - 0x77d07000 	C:\Windows\System32\windows.storage.dll
0x77460000 - 0x774a5000 	C:\Windows\System32\shlwapi.dll
0x77450000 - 0x7745e000 	C:\Windows\System32\kernel.appcore.dll
0x77d10000 - 0x77d55000 	C:\Windows\System32\powrprof.dll
0x76580000 - 0x76590000 	C:\Windows\System32\profapi.dll
0x6e1f0000 - 0x6e1f8000 	N:\ECLIPSE\jre\bin\dt_socket.dll
0x71e60000 - 0x71e71000 	C:\Windows\system32\napinsp.dll
0x71e40000 - 0x71e56000 	C:\Windows\system32\pnrpnsp.dll
0x71e20000 - 0x71e33000 	C:\Windows\system32\NLAapi.dll
0x71dd0000 - 0x71e1e000 	C:\Windows\System32\mswsock.dll
0x71d50000 - 0x71dcf000 	C:\Windows\SYSTEM32\DNSAPI.dll
0x74930000 - 0x74937000 	C:\Windows\System32\NSI.dll
0x729e0000 - 0x72a0f000 	C:\Windows\SYSTEM32\IPHLPAPI.DLL
0x71d40000 - 0x71d4b000 	C:\Windows\System32\winrnr.dll
0x71d10000 - 0x71d31000 	C:\Program Files (x86)\Bonjour\mdnsNSP.dll
0x71c40000 - 0x71c8a000 	C:\Windows\System32\fwpuclnt.dll
0x741c0000 - 0x741d8000 	C:\Windows\SYSTEM32\bcrypt.dll
0x71c90000 - 0x71c98000 	C:\Windows\System32\rasadhlp.dll
0x705a0000 - 0x706fd000 	C:\Windows\SYSTEM32\dbghelp.dll

VM Arguments:
jvm_args: -agentlib:jdwp=transport=dt_socket,suspend=y,address=localhost:61754 -Dfile.encoding=Cp1252 
java_command: src.findTheWumpus.FindTheWumpus
java_class_path (initial): H:\git\DatFile\DatFile\bin
Launcher Type: SUN_STANDARD

Environment Variables:
PATH=N:\ECLIPSE\jre\bin;N:/ECLIPSE/jre/bin/client;N:/ECLIPSE/jre/bin;N:/ECLIPSE/jre/lib/i386;C:\ProgramData\Oracle\Java\javapath;C:\Windows\system32;C:\Windows;C:\Windows\System32\Wbem;C:\Windows\System32\WindowsPowerShell\v1.0\;C:\Windows\CCM;C:\Program Files (x86)\Skype\Phone\;C:\Program Files (x86)\Windows Live\Shared;C:\Windows\CCM;C:\Users\bwilliams\AppData\Local\Microsoft\WindowsApps;;N:\ECLIPSE;
USERNAME=bwilliams
OS=Windows_NT
PROCESSOR_IDENTIFIER=Intel64 Family 6 Model 94 Stepping 3, GenuineIntel



---------------  S Y S T E M  ---------------

OS: Windows 8.1 , 64 bit Build 9600 

CPU:total 4 (4 cores per cpu, 1 threads per core) family 6 model 94 stepping 3, cmov, cx8, fxsr, mmx, sse, sse2, sse3, ssse3, sse4.1, sse4.2, popcnt, avx, avx2, aes, clmul, erms, rtm, lzcnt, tsc, tscinvbit, bmi1, bmi2

Memory: 4k page, physical 8266976k(4718000k free), swap 9577696k(5693884k free)

vm_info: Java HotSpot(TM) Client VM (25.31-b07) for windows-x86 JRE (1.8.0_31-b13), built on Dec 17 2014 20:46:12 by "java_re" with MS VC++ 10.0 (VS2010)

time: Fri Jan 05 11:06:03 2018
elapsed time: 76 seconds (0d 0h 1m 16s)

