#
# A fatal error has been detected by the Java Runtime Environment:
#
#  Internal Error (synchronizer.cpp:1430), pid=10972, tid=11844
#  guarantee(mid->header()->is_neutral()) failed: invariant
#
# JRE version: Java(TM) SE Runtime Environment (8.0_31-b13) (build 1.8.0_31-b13)
# Java VM: Java HotSpot(TM) Client VM (25.31-b07 mixed mode windows-x86 )
# Failed to write core dump. Minidumps are not enabled by default on client versions of Windows
#
# If you would like to submit a bug report, please visit:
#   http://bugreport.java.com/bugreport/crash.jsp
#

---------------  T H R E A D  ---------------

Current thread (0x00b99400):  VMThread [stack: 0x14a60000,0x14ab0000] [id=11844]

Stack: [0x14a60000,0x14ab0000],  sp=0x14aaf118,  free space=316k
Native frames: (J=compiled Java code, j=interpreted, Vv=VM code, C=native code)
V  [jvm.dll+0x197b8b]
V  [jvm.dll+0x1909a5]
V  [jvm.dll+0x162f7f]
V  [jvm.dll+0x163333]
V  [jvm.dll+0x1567b3]
V  [jvm.dll+0x157b30]
V  [jvm.dll+0x16ed05]
V  [jvm.dll+0x16ef12]
V  [jvm.dll+0x1af0a6]
C  [msvcr100.dll+0x5c556]
C  [msvcr100.dll+0x5c600]
C  [KERNEL32.DLL+0x18744]
C  [ntdll.dll+0x6582d]
C  [ntdll.dll+0x657fd]

VM_Operation (0x14f7f3ac): ChangeSingleStep, mode: safepoint, requested by thread 0x14b70800


---------------  P R O C E S S  ---------------

Java Threads: ( => current thread )
  0x14b94800 JavaThread "Service Thread" daemon [_thread_blocked, id=11892, stack(0x154e0000,0x15530000)]
  0x14b7e800 JavaThread "C1 CompilerThread0" daemon [_thread_blocked, id=2252, stack(0x15450000,0x154a0000)]
  0x14b78000 JavaThread "JDWP Command Reader" daemon [_thread_in_native, id=2888, stack(0x153c0000,0x15410000)]
  0x14b73000 JavaThread "JDWP Event Helper Thread" daemon [_thread_blocked, id=12100, stack(0x15330000,0x15380000)]
  0x14b70800 JavaThread "JDWP Transport Listener: dt_socket" daemon [_thread_blocked, id=5740, stack(0x14f30000,0x14f80000)]
  0x14b6e400 JavaThread "Attach Listener" daemon [_thread_blocked, id=3968, stack(0x14ea0000,0x14ef0000)]
  0x14b6d400 JavaThread "Signal Dispatcher" daemon [_thread_blocked, id=1304, stack(0x14e10000,0x14e60000)]
  0x14b43c00 JavaThread "Finalizer" daemon [_thread_blocked, id=12216, stack(0x14d80000,0x14dd0000)]
  0x00b9d800 JavaThread "Reference Handler" daemon [_thread_blocked, id=12212, stack(0x14af0000,0x14b40000)]
  0x00a9c000 JavaThread "main" [_thread_blocked, id=2084, stack(0x02560000,0x025b0000)]

Other Threads:
=>0x00b99400 VMThread [stack: 0x14a60000,0x14ab0000] [id=11844]
  0x14b9e800 WatcherThread [stack: 0x15570000,0x155c0000] [id=11504]

VM state:at safepoint (normal execution)

VM Mutex/Monitor currently owned by a thread:  ([mutex/lock_event])
[0x00a9ab18] Safepoint_lock - owner thread: 0x00b99400
[0x00a9a430] Threads_lock - owner thread: 0x00b99400
[0x00a9b328] JvmtiThreadState_lock - owner thread: 0x14b70800

Heap:
 def new generation   total 4928K, used 915K [0x04600000, 0x04b50000, 0x09b50000)
  eden space 4416K,  20% used [0x04600000, 0x046e4f60, 0x04a50000)
  from space 512K,   0% used [0x04a50000, 0x04a50000, 0x04ad0000)
  to   space 512K,   0% used [0x04ad0000, 0x04ad0000, 0x04b50000)
 tenured generation   total 10944K, used 0K [0x09b50000, 0x0a600000, 0x14600000)
   the space 10944K,   0% used [0x09b50000, 0x09b50000, 0x09b50200, 0x0a600000)
 Metaspace       used 2021K, capacity 2248K, committed 2368K, reserved 4480K

Card table byte_map: [0x009d0000,0x00a60000] byte_map_base: 0x009ad000

Polling page: 0x00480000

CodeCache: size=32768Kb used=687Kb max_used=687Kb free=32080Kb
 bounds [0x025b0000, 0x02660000, 0x045b0000]
 total_blobs=154 nmethods=21 adapters=74
 compilation: enabled

Compilation events (10 events):
Event: 0.391 Thread 0x14b7e800   17  s          java.io.BufferedInputStream::read (49 bytes)
Event: 0.392 Thread 0x14b7e800 nmethod 17 0x0265a1c8 code [0x0265a2f0, 0x0265a5e8]
Event: 0.392 Thread 0x14b7e800   18             java.util.StringTokenizer::scanToken (179 bytes)
Event: 0.393 Thread 0x14b7e800 nmethod 18 0x0265a788 code [0x0265a910, 0x0265ad28]
Event: 0.396 Thread 0x14b7e800   19             java.lang.AbstractStringBuilder::ensureCapacityInternal (16 bytes)
Event: 0.396 Thread 0x14b7e800 nmethod 19 0x0265b2c8 code [0x0265b3d0, 0x0265b48c]
Event: 0.397 Thread 0x14b7e800   20             java.lang.String::startsWith (72 bytes)
Event: 0.397 Thread 0x14b7e800 nmethod 20 0x0265b508 code [0x0265b610, 0x0265b750]
Event: 3.629 Thread 0x14b7e800   21             java.lang.String::length (6 bytes)
Event: 3.629 Thread 0x14b7e800 nmethod 21 0x0265bc08 code [0x0265bd00, 0x0265bd90]

GC Heap History (0 events):
No events

Deoptimization events (0 events):
No events

Internal exceptions (10 events):
Event: 0.118 Thread 0x00a9c000 Exception <a 'java/lang/NoSuchMethodError': Method sun.misc.Unsafe.prefetchRead(Ljava/lang/Object;J)V name or signature does not match> (0x0460aa50) thrown at [C:\re\workspace\8-2-build-windows-i586-cygwin\jdk8u31\2394\hotspot\src\share\vm\prims\jni.cpp, l“qP#3=×?
Event: 0.363 Thread 0x00a9c000 Exception <a 'java/security/PrivilegedActionException'> (0x0467cd98) thrown at [C:\re\workspace\8-2-build-windows-i586-cygwin\jdk8u31\2394\hotspot\src\share\vm\prims\jvm.cpp, line 1312]
Event: 0.386 Thread 0x00a9c000 Exception <a 'java/security/PrivilegedActionException'> (0x046a1a80) thrown at [C:\re\workspace\8-2-build-windows-i586-cygwin\jdk8u31\2394\hotspot\src\share\vm\prims\jvm.cpp, line 1312]
Event: 0.386 Thread 0x00a9c000 Exception <a 'java/security/PrivilegedActionException'> (0x046a1dc0) thrown at [C:\re\workspace\8-2-build-windows-i586-cygwin\jdk8u31\2394\hotspot\src\share\vm\prims\jvm.cpp, line 1312]
Event: 0.387 Thread 0x00a9c000 Exception <a 'java/security/PrivilegedActionException'> (0x046b9e48) thrown at [C:\re\workspace\8-2-build-windows-i586-cygwin\jdk8u31\2394\hotspot\src\share\vm\prims\jvm.cpp, line 1312]
Event: 0.387 Thread 0x00a9c000 Exception <a 'java/security/PrivilegedActionException'> (0x046ba188) thrown at [C:\re\workspace\8-2-build-windows-i586-cygwin\jdk8u31\2394\hotspot\src\share\vm\prims\jvm.cpp, line 1312]
Event: 0.396 Thread 0x00a9c000 Exception <a 'java/security/PrivilegedActionException'> (0x046cd078) thrown at [C:\re\workspace\8-2-build-windows-i586-cygwin\jdk8u31\2394\hotspot\src\share\vm\prims\jvm.cpp, line 1312]
Event: 0.397 Thread 0x00a9c000 Exception <a 'java/security/PrivilegedActionException'> (0x046cdf18) thrown at [C:\re\workspace\8-2-build-windows-i586-cygwin\jdk8u31\2394\hotspot\src\share\vm\prims\jvm.cpp, line 1312]
Event: 0.399 Thread 0x00a9c000 Exception <a 'java/security/PrivilegedActionException'> (0x046d0ae0) thrown at [C:\re\workspace\8-2-build-windows-i586-cygwin\jdk8u31\2394\hotspot\src\share\vm\prims\jvm.cpp, line 1312]
Event: 3.629 Thread 0x00a9c000 Exception <a 'java/lang/ArrayIndexOutOfBoundsException': 5> (0x046d3178) thrown at [C:\re\workspace\8-2-build-windows-i586-cygwin\jdk8u31\2394\hotspot\src\share\vm\interpreter\interpreterRuntime.cpp, line 366]

Events (10 events):
Event: 3.629 loading class java/lang/ArrayIndexOutOfBoundsException done
Event: 4.389 Executing VM operation: EnableBiasedLocking
Event: 4.389 Executing VM operation: EnableBiasedLocking done
Event: 275.358 Executing VM operation: GetCurrentLocation
Event: 275.358 Executing VM operation: GetCurrentLocation done
Event: 275.358 Executing VM operation: EnterInterpOnlyMode
Event: 275.358 Executing VM operation: EnterInterpOnlyMode done
Event: 275.358 Executing VM operation: ChangeSingleStep
Event: 275.358 Executing VM operation: ChangeSingleStep done
Event: 275.358 Executing VM operation: ChangeSingleStep


Dynamic libraries:
0x002b0000 - 0x002e0000 	N:\ECLIPSE\jre\bin\javaw.exe
0x77d60000 - 0x77eee000 	C:\Windows\SYSTEM32\ntdll.dll
0x74850000 - 0x74920000 	C:\Windows\System32\KERNEL32.DLL
0x76860000 - 0x76a22000 	C:\Windows\System32\KERNELBASE.dll
0x74940000 - 0x749b7000 	C:\Windows\System32\ADVAPI32.dll
0x760b0000 - 0x7616d000 	C:\Windows\System32\msvcrt.dll
0x765a0000 - 0x765e1000 	C:\Windows\System32\sechost.dll
0x77200000 - 0x772c0000 	C:\Windows\System32\RPCRT4.dll
0x74730000 - 0x74750000 	C:\Windows\System32\SspiCli.dll
0x74840000 - 0x7484a000 	C:\Windows\System32\CRYPTBASE.dll
0x772c0000 - 0x77317000 	C:\Windows\System32\bcryptPrimitives.dll
0x774b0000 - 0x775ec000 	C:\Windows\System32\USER32.dll
0x76560000 - 0x76576000 	C:\Windows\System32\win32u.dll
0x773e0000 - 0x77401000 	C:\Windows\System32\GDI32.dll
0x76660000 - 0x767b8000 	C:\Windows\System32\gdi32full.dll
0x776f0000 - 0x77769000 	C:\Windows\System32\msvcp_win.dll
0x76170000 - 0x76288000 	C:\Windows\System32\ucrtbase.dll
0x6fb00000 - 0x6fd0e000 	C:\Windows\WinSxS\x86_microsoft.windows.common-controls_6595b64144ccf1df_6.0.15063.483_none_6dad63fefc436da8\COMCTL32.dll
0x76320000 - 0x76558000 	C:\Windows\System32\combase.dll
0x77320000 - 0x77345000 	C:\Windows\System32\IMM32.DLL
0x620e0000 - 0x6219f000 	N:\ECLIPSE\jre\bin\msvcr100.dll
0x639c0000 - 0x63d64000 	N:\ECLIPSE\jre\bin\client\jvm.dll
0x76590000 - 0x76596000 	C:\Windows\System32\PSAPI.DLL
0x70f30000 - 0x70f38000 	C:\Windows\SYSTEM32\WSOCK32.dll
0x6c580000 - 0x6c5a4000 	C:\Windows\SYSTEM32\WINMM.dll
0x765f0000 - 0x76657000 	C:\Windows\System32\WS2_32.dll
0x6c550000 - 0x6c573000 	C:\Windows\SYSTEM32\winmmbase.dll
0x77410000 - 0x77449000 	C:\Windows\System32\cfgmgr32.dll
0x729c0000 - 0x729cc000 	N:\ECLIPSE\jre\bin\verify.dll
0x70930000 - 0x70951000 	N:\ECLIPSE\jre\bin\java.dll
0x6e830000 - 0x6e859000 	N:\ECLIPSE\jre\bin\jdwp.dll
0x6ec20000 - 0x6ec27000 	N:\ECLIPSE\jre\bin\npt.dll
0x71a60000 - 0x71a73000 	N:\ECLIPSE\jre\bin\zip.dll
0x74d60000 - 0x760a8000 	C:\Windows\System32\SHELL32.dll
0x76290000 - 0x7631c000 	C:\Windows\System32\shcore.dll
0x77780000 - 0x77d07000 	C:\Windows\System32\windows.storage.dll
0x77460000 - 0x774a5000 	C:\Windows\System32\shlwapi.dll
0x77450000 - 0x7745e000 	C:\Windows\System32\kernel.appcore.dll
0x77d10000 - 0x77d55000 	C:\Windows\System32\powrprof.dll
0x76580000 - 0x76590000 	C:\Windows\System32\profapi.dll
0x6e1f0000 - 0x6e1f8000 	N:\ECLIPSE\jre\bin\dt_socket.dll
0x71e60000 - 0x71e71000 	C:\Windows\system32\napinsp.dll
0x71e40000 - 0x71e56000 	C:\Windows\system32\pnrpnsp.dll
0x71e20000 - 0x71e33000 	C:\Windows\system32\NLAapi.dll
0x71dd0000 - 0x71e1e000 	C:\Windows\System32\mswsock.dll
0x71d50000 - 0x71dcf000 	C:\Windows\SYSTEM32\DNSAPI.dll
0x74930000 - 0x74937000 	C:\Windows\System32\NSI.dll
0x729e0000 - 0x72a0f000 	C:\Windows\SYSTEM32\IPHLPAPI.DLL
0x71d40000 - 0x71d4b000 	C:\Windows\System32\winrnr.dll
0x71d10000 - 0x71d31000 	C:\Program Files (x86)\Bonjour\mdnsNSP.dll
0x71c40000 - 0x71c8a000 	C:\Windows\System32\fwpuclnt.dll
0x741c0000 - 0x741d8000 	C:\Windows\SYSTEM32\bcrypt.dll
0x71c90000 - 0x71c98000 	C:\Windows\System32\rasadhlp.dll
0x707d0000 - 0x7092d000 	C:\Windows\SYSTEM32\dbghelp.dll

VM Arguments:
jvm_args: -agentlib:jdwp=transport=dt_socket,suspend=y,address=localhost:61643 -Dfile.encoding=Cp1252 
java_command: src.findTheWumpus.FindTheWumpus
java_class_path (initial): H:\git\DatFile\DatFile\bin
Launcher Type: SUN_STANDARD

Environment Variables:
PATH=N:\ECLIPSE\jre\bin;N:/ECLIPSE/jre/bin/client;N:/ECLIPSE/jre/bin;N:/ECLIPSE/jre/lib/i386;C:\ProgramData\Oracle\Java\javapath;C:\Windows\system32;C:\Windows;C:\Windows\System32\Wbem;C:\Windows\System32\WindowsPowerShell\v1.0\;C:\Windows\CCM;C:\Program Files (x86)\Skype\Phone\;C:\Program Files (x86)\Windows Live\Shared;C:\Windows\CCM;C:\Users\bwilliams\AppData\Local\Microsoft\WindowsApps;;N:\ECLIPSE;
USERNAME=bwilliams
OS=Windows_NT
PROCESSOR_IDENTIFIER=Intel64 Family 6 Model 94 Stepping 3, GenuineIntel



---------------  S Y S T E M  ---------------

OS: Windows 8.1 , 64 bit Build 9600 

CPU:total 4 (4 cores per cpu, 1 threads per core) family 6 model 94 stepping 3, cmov, cx8, fxsr, mmx, sse, sse2, sse3, ssse3, sse4.1, sse4.2, popcnt, avx, avx2, aes, clmul, erms, rtm, lzcnt, tsc, tscinvbit, bmi1, bmi2

Memory: 4k page, physical 8266976k(4638588k free), swap 9577696k(5739152k free)

vm_info: Java HotSpot(TM) Client VM (25.31-b07) for windows-x86 JRE (1.8.0_31-b13), built on Dec 17 2014 20:46:12 by "java_re" with MS VC++ 10.0 (VS2010)

time: Fri Jan 05 11:03:36 2018
elapsed time: 275 seconds (0d 0h 4m 35s)

